nohup: /home/pi/projects/frp/frp_0.21.0_linux_arm/frpc: No such file or directory
[2018-11-20 14:28:41] INFO  WEBrick 1.3.1
[2018-11-20 14:28:41] INFO  ruby 2.3.7 (2018-03-28) [universal.x86_64-darwin18]
[2018-11-20 14:28:41] INFO  WEBrick::HTTPServer#start: pid=4328 port=8991
[2018-11-20 14:29:00] INFO  going to shutdown ...
[2018-11-20 14:29:00] INFO  WEBrick::HTTPServer#start done.
Loading Fake S3 with /tmp/buckets on port 8991 with hostname s3.amazonaws.com
nohup: /home/pi/projects/frp/frp_0.21.0_linux_arm/frpc: No such file or directory
[2018-11-20 14:55:35] INFO  WEBrick 1.3.1
[2018-11-20 14:55:35] INFO  ruby 2.3.7 (2018-03-28) [universal.x86_64-darwin18]
[2018-11-20 14:55:35] INFO  WEBrick::HTTPServer#start: pid=6341 port=8991
[2018-11-20 14:55:39] INFO  going to shutdown ...
[2018-11-20 14:55:39] INFO  WEBrick::HTTPServer#start done.
Loading Fake S3 with /tmp/buckets on port 8991 with hostname s3.amazonaws.com
nohup: /home/pi/projects/frp/frp_0.21.0_linux_arm/frpc: No such file or directory
[2018-11-20 14:56:34] INFO  WEBrick 1.3.1
[2018-11-20 14:56:34] INFO  ruby 2.3.7 (2018-03-28) [universal.x86_64-darwin18]
[2018-11-20 14:56:34] INFO  WEBrick::HTTPServer#start: pid=6435 port=8991
[2018-11-20 14:56:40] INFO  going to shutdown ...
[2018-11-20 14:56:40] INFO  WEBrick::HTTPServer#start done.
Loading Fake S3 with /tmp/buckets on port 8991 with hostname s3.amazonaws.com
